"../../../Engine/Content/Functions/Engine_MaterialFunctions01/Shading/PowerToRoughness.uasset" 0
"../../../Engine/Content/Functions/Engine_MaterialFunctions01/Shading/PowerToRoughness.uexp" 1
"../../../Engine/Content/Functions/Engine_MaterialFunctions01/Shading/ConvertFromDiffSpec.uasset" 2
"../../../Engine/Content/Functions/Engine_MaterialFunctions01/Shading/ConvertFromDiffSpec.uexp" 3
"../../../Engine/Content/EngineSounds/Master.uasset" 4
"../../../Engine/Content/EngineSounds/Master.uexp" 5
"../../../Engine/Content/EngineSky/VolumetricClouds/CloudWeatherTexture.uasset" 6
"../../../Engine/Content/EngineSky/VolumetricClouds/CloudWeatherTexture.uexp" 7
"../../../Engine/Content/Functions/Engine_MaterialFunctions02/Utility/MakeFloat2.uasset" 8
"../../../Engine/Content/Functions/Engine_MaterialFunctions02/Utility/MakeFloat2.uexp" 9
"../../../Engine/Content/EngineSky/VolumetricClouds/CloudGradientTexture.uasset" 10
"../../../Engine/Content/EngineSky/VolumetricClouds/CloudGradientTexture.uexp" 11
"../../../Engine/Content/EngineSky/VolumetricClouds/T_NoiseShape64.ubulk" 12
"../../../Engine/Content/EngineSky/VolumetricClouds/T_NoiseShape64.uasset" 13
"../../../Engine/Content/EngineSky/VolumetricClouds/T_NoiseShape64.uexp" 14
"../../../Engine/Content/EngineSky/VolumetricClouds/T_VolumeNoiseShape64.uasset" 15
"../../../Engine/Content/EngineSky/VolumetricClouds/T_VolumeNoiseShape64.uexp" 16
"../../../Engine/Content/EngineSky/VolumetricClouds/T_NoiseErosion.ubulk" 17
"../../../Engine/Content/EngineSky/VolumetricClouds/T_NoiseErosion.uasset" 18
"../../../Engine/Content/EngineSky/VolumetricClouds/T_NoiseErosion.uexp" 19
"../../../Engine/Content/EngineSky/VolumetricClouds/T_VolumeNoiseErosion32.uasset" 20
"../../../Engine/Content/EngineSky/VolumetricClouds/T_VolumeNoiseErosion32.uexp" 21
"../../../Engine/Content/EngineSky/VolumetricClouds/m_SimpleVolumetricCloud.uasset" 22
"../../../Engine/Content/EngineSky/VolumetricClouds/m_SimpleVolumetricCloud.uexp" 23
"../../../Engine/Content/EngineSky/VolumetricClouds/m_SimpleVolumetricCloud_Inst.uasset" 24
"../../../Engine/Content/EngineSky/VolumetricClouds/m_SimpleVolumetricCloud_Inst.uexp" 25
"../../../Engine/Content/EngineResources/GradientTexture0.uasset" 26
"../../../Engine/Content/EngineResources/GradientTexture0.uexp" 27
"../../../Engine/Content/EngineResources/DefaultVolumeTexture2D.uasset" 28
"../../../Engine/Content/EngineResources/DefaultVolumeTexture2D.uexp" 29
"../../../Engine/Content/EngineResources/DefaultVolumeTexture.uasset" 30
"../../../Engine/Content/EngineResources/DefaultVolumeTexture.uexp" 31
"../../../Engine/Content/EngineResources/DefaultTextureCube.uasset" 32
"../../../Engine/Content/EngineResources/DefaultTextureCube.uexp" 33
"../../../Engine/Content/EngineResources/DefaultTexture.ubulk" 34
"../../../Engine/Content/EngineResources/DefaultTexture.uasset" 35
"../../../Engine/Content/EngineResources/DefaultTexture.uexp" 36
"../../../Engine/Content/EngineResources/Black.uasset" 37
"../../../Engine/Content/EngineResources/Black.uexp" 38
"../../../Engine/Content/EngineResources/FilmGrains/Marcie_Grain_v3_128_M2_000.uasset" 39
"../../../Engine/Content/EngineResources/FilmGrains/Marcie_Grain_v3_128_M2_000.uexp" 40
"../../../Engine/Content/EngineMeshes/Sphere.ubulk" 41
"../../../Engine/Content/EngineMeshes/Sphere.uasset" 42
"../../../Engine/Content/EngineMeshes/Sphere.uexp" 43
"../../../Engine/Content/EngineResources/WhiteSquareTexture.uasset" 44
"../../../Engine/Content/EngineResources/WhiteSquareTexture.uexp" 45
"../../../Engine/Content/EngineMaterials/Widget3DPassThrough.uasset" 46
"../../../Engine/Content/EngineMaterials/Widget3DPassThrough.uexp" 47
"../../../Engine/Content/EngineMaterials/Widget3DPassThrough_Translucent.uasset" 48
"../../../Engine/Content/EngineMaterials/Widget3DPassThrough_Translucent.uexp" 49
"../../../Engine/Content/EngineMaterials/Widget3DPassThrough_Translucent_OneSided.uasset" 50
"../../../Engine/Content/EngineMaterials/Widget3DPassThrough_Translucent_OneSided.uexp" 51
"../../../Engine/Content/EngineMaterials/Widget3DPassThrough_Opaque.uasset" 52
"../../../Engine/Content/EngineMaterials/Widget3DPassThrough_Opaque.uexp" 53
"../../../Engine/Content/EngineMaterials/Widget3DPassThrough_Opaque_OneSided.uasset" 54
"../../../Engine/Content/EngineMaterials/Widget3DPassThrough_Opaque_OneSided.uexp" 55
"../../../Engine/Content/EngineMaterials/Widget3DPassThrough_Masked_OneSided.uasset" 56
"../../../Engine/Content/EngineMaterials/Widget3DPassThrough_Masked_OneSided.uexp" 57
"../../../Engine/Content/EngineMaterials/Widget3DPassThrough_Masked.uasset" 58
"../../../Engine/Content/EngineMaterials/Widget3DPassThrough_Masked.uexp" 59
"../../../Engine/Content/EngineMaterials/WeightMapPlaceholderTexture.uasset" 60
"../../../Engine/Content/EngineMaterials/WeightMapPlaceholderTexture.uexp" 61
"../../../Engine/Content/EngineMaterials/RemoveSurfaceMaterial.uasset" 62
"../../../Engine/Content/EngineMaterials/RemoveSurfaceMaterial.uexp" 63
"../../../Engine/Content/EngineMaterials/PreintegratedSkinBRDF.uasset" 64
"../../../Engine/Content/EngineMaterials/PreintegratedSkinBRDF.uexp" 65
"../../../Engine/Content/EngineMaterials/DefaultCalibrationGrayscale.uasset" 66
"../../../Engine/Content/EngineMaterials/DefaultCalibrationGrayscale.uexp" 67
"../../../Engine/Content/EngineMaterials/PPM_DefaultCalibrationGrayscale.uasset" 68
"../../../Engine/Content/EngineMaterials/PPM_DefaultCalibrationGrayscale.uexp" 69
"../../../Engine/Content/EngineMaterials/DefaultCalibrationColor.uasset" 70
"../../../Engine/Content/EngineMaterials/DefaultCalibrationColor.uexp" 71
"../../../Engine/Content/EngineMaterials/PPM_DefaultCalibrationColor.uasset" 72
"../../../Engine/Content/EngineMaterials/PPM_DefaultCalibrationColor.uexp" 73
"../../../Engine/Content/Functions/Engine_MaterialFunctions02/WorldPositionOffset/CameraOffset.uasset" 74
"../../../Engine/Content/Functions/Engine_MaterialFunctions02/WorldPositionOffset/CameraOffset.uexp" 75
"../../../Engine/Content/EngineMaterials/PhAT_JointLimitMaterial.uasset" 76
"../../../Engine/Content/EngineMaterials/PhAT_JointLimitMaterial.uexp" 77
"../../../Engine/Content/EngineMaterials/InvalidLightmapSettings.ubulk" 78
"../../../Engine/Content/EngineMaterials/InvalidLightmapSettings.uasset" 79
"../../../Engine/Content/EngineMaterials/InvalidLightmapSettings.uexp" 80
"../../../Engine/Content/EngineMaterials/M_InvalidLightmapSettings.uasset" 81
"../../../Engine/Content/EngineMaterials/M_InvalidLightmapSettings.uexp" 82
"../../../Engine/Content/EngineMaterials/MiniFont.uasset" 83
"../../../Engine/Content/EngineMaterials/MiniFont.uexp" 84
"../../../Engine/Content/EngineMaterials/Good64x64TilingNoiseHighFreq.uasset" 85
"../../../Engine/Content/EngineMaterials/Good64x64TilingNoiseHighFreq.uexp" 86
"../../../Engine/Content/EngineMaterials/GizmoMaterial.uasset" 87
"../../../Engine/Content/EngineMaterials/GizmoMaterial.uexp" 88
"../../../Engine/Content/EngineMaterials/BaseFlattenEmissiveMap_VT.uasset" 89
"../../../Engine/Content/EngineMaterials/BaseFlattenEmissiveMap_VT.uexp" 90
"../../../Engine/Content/EngineMaterials/BaseFlattenGrayscaleMap_VT.uasset" 91
"../../../Engine/Content/EngineMaterials/BaseFlattenGrayscaleMap_VT.uexp" 92
"../../../Engine/Content/EngineMaterials/BaseFlattenLinearColor_VT.uasset" 93
"../../../Engine/Content/EngineMaterials/BaseFlattenLinearColor_VT.uexp" 94
"../../../Engine/Content/EngineMaterials/Black_1x1_EXR_Texture_VT.uasset" 95
"../../../Engine/Content/EngineMaterials/Black_1x1_EXR_Texture_VT.uexp" 96
"../../../Engine/Content/EngineMaterials/BaseFlattenDiffuseMap_VT.uasset" 97
"../../../Engine/Content/EngineMaterials/BaseFlattenDiffuseMap_VT.uexp" 98
"../../../Engine/Content/EngineMaterials/BaseFlattenNormalMap_VT.uasset" 99
"../../../Engine/Content/EngineMaterials/BaseFlattenNormalMap_VT.uexp" 100
"../../../Engine/Content/EngineMaterials/FlattenMaterial_WS_Normal_VT.uasset" 101
"../../../Engine/Content/EngineMaterials/FlattenMaterial_WS_Normal_VT.uexp" 102
"../../../Engine/Content/EngineMaterials/FlattenMaterial_VT.uasset" 103
"../../../Engine/Content/EngineMaterials/FlattenMaterial_VT.uexp" 104
"../../../Engine/Content/EngineMaterials/BaseFlattenNormalMap.uasset" 105
"../../../Engine/Content/EngineMaterials/BaseFlattenNormalMap.uexp" 106
"../../../Engine/Content/EngineMaterials/BaseFlattenGrayscaleMap.uasset" 107
"../../../Engine/Content/EngineMaterials/BaseFlattenGrayscaleMap.uexp" 108
"../../../Engine/Content/EngineMaterials/BaseFlattenDiffuseMap.uasset" 109
"../../../Engine/Content/EngineMaterials/BaseFlattenDiffuseMap.uexp" 110
"../../../Engine/Content/Functions/Engine_MaterialFunctions02/PivotPainter2/Black_1x1_EXR_Texture.uasset" 111
"../../../Engine/Content/Functions/Engine_MaterialFunctions02/PivotPainter2/Black_1x1_EXR_Texture.uexp" 112
"../../../Engine/Content/EngineMaterials/BaseFlattenEmissiveMap.uasset" 113
"../../../Engine/Content/EngineMaterials/BaseFlattenEmissiveMap.uexp" 114
"../../../Engine/Content/EngineMaterials/BaseFlattenLinearColor.uasset" 115
"../../../Engine/Content/EngineMaterials/BaseFlattenLinearColor.uexp" 116
"../../../Engine/Content/EngineMaterials/FlattenMaterial.uasset" 117
"../../../Engine/Content/EngineMaterials/FlattenMaterial.uexp" 118
"../../../Engine/Content/EngineMaterials/DefaultWhiteGrid_Low.uasset" 119
"../../../Engine/Content/EngineMaterials/DefaultWhiteGrid_Low.uexp" 120
"../../../Engine/Content/EngineMaterials/EmissiveMeshMaterial.uasset" 121
"../../../Engine/Content/EngineMaterials/EmissiveMeshMaterial.uexp" 122
"../../../Engine/Content/EngineMaterials/DefaultWhiteGrid.ubulk" 123
"../../../Engine/Content/EngineMaterials/DefaultWhiteGrid.uasset" 124
"../../../Engine/Content/EngineMaterials/DefaultWhiteGrid.uexp" 125
"../../../Engine/Content/EngineFonts/RobotoDistanceField.uasset" 126
"../../../Engine/Content/EngineFonts/RobotoDistanceField.uexp" 127
"../../../Engine/Content/EngineMaterials/DefaultTextMaterialOpaque.uasset" 128
"../../../Engine/Content/EngineMaterials/DefaultTextMaterialOpaque.uexp" 129
"../../../Engine/Content/EngineMaterials/DefaultDiffuse.ubulk" 130
"../../../Engine/Content/EngineMaterials/DefaultDiffuse.uasset" 131
"../../../Engine/Content/EngineMaterials/DefaultDiffuse.uexp" 132
"../../../Engine/Content/Functions/Engine_MaterialFunctions02/Utility/BreakOutFloat2Components.uasset" 133
"../../../Engine/Content/Functions/Engine_MaterialFunctions02/Utility/BreakOutFloat2Components.uexp" 134
"../../../Engine/Content/EngineMaterials/DefaultPostProcessMaterial.uasset" 135
"../../../Engine/Content/EngineMaterials/DefaultPostProcessMaterial.uexp" 136
"../../../Engine/Content/EngineMaterials/DefaultLightFunctionMaterial.uasset" 137
"../../../Engine/Content/EngineMaterials/DefaultLightFunctionMaterial.uexp" 138
"../../../Engine/Content/EngineMaterials/DefaultDestructiblePhysicalMaterial.uasset" 139
"../../../Engine/Content/EngineMaterials/DefaultDestructiblePhysicalMaterial.uexp" 140
"../../../Engine/Content/EngineMaterials/DefaultDeferredDecalMaterial.uasset" 141
"../../../Engine/Content/EngineMaterials/DefaultDeferredDecalMaterial.uexp" 142
"../../../Engine/Content/EngineMaterials/DefaultBokeh.uasset" 143
"../../../Engine/Content/EngineMaterials/DefaultBokeh.uexp" 144
"../../../Engine/Content/EngineMaterials/DefaultBloomKernel.uasset" 145
"../../../Engine/Content/EngineMaterials/DefaultBloomKernel.uexp" 146
"../../../Engine/Content/EngineMaterials/BlueNoise.uasset" 147
"../../../Engine/Content/EngineMaterials/BlueNoise.uexp" 148
"../../../Engine/Content/EngineFonts/Faces/RobotoLight.uexp" 149
"../../../Engine/Content/EngineFonts/Faces/RobotoLight.uasset" 150
"../../../Engine/Content/EngineFonts/Faces/RobotoLight.ufont" 151
"../../../Engine/Content/EngineFonts/Faces/RobotoBold.uexp" 152
"../../../Engine/Content/EngineFonts/Faces/RobotoBold.uasset" 153
"../../../Engine/Content/EngineFonts/Faces/RobotoBold.ufont" 154
"../../../Engine/Content/EngineFonts/Faces/RobotoRegular.uexp" 155
"../../../Engine/Content/EngineFonts/Faces/RobotoRegular.uasset" 156
"../../../Engine/Content/EngineFonts/Faces/RobotoRegular.ufont" 157
"../../../Engine/Content/EngineFonts/Faces/DroidSansFallback.uexp" 158
"../../../Engine/Content/EngineFonts/Faces/DroidSansFallback.uasset" 159
"../../../Engine/Content/EngineFonts/Faces/DroidSansFallback.ufont" 160
"../../../Engine/Content/EngineFonts/Faces/RobotoItalic.uexp" 161
"../../../Engine/Content/EngineFonts/Faces/RobotoItalic.uasset" 162
"../../../Engine/Content/EngineFonts/Faces/RobotoItalic.ufont" 163
"../../../Engine/Content/EngineFonts/Faces/RobotoBoldItalic.uexp" 164
"../../../Engine/Content/EngineFonts/Faces/RobotoBoldItalic.uasset" 165
"../../../Engine/Content/EngineFonts/Faces/RobotoBoldItalic.ufont" 166
"../../../Engine/Content/EngineFonts/Roboto.uasset" 167
"../../../Engine/Content/EngineFonts/Roboto.uexp" 168
"../../../Engine/Content/Functions/Engine_MaterialFunctions02/Utility/CameraDirectionVector.uasset" 169
"../../../Engine/Content/Functions/Engine_MaterialFunctions02/Utility/CameraDirectionVector.uexp" 170
"../../../Engine/Content/EngineDebugMaterials/VolumeToRender.uasset" 171
"../../../Engine/Content/EngineDebugMaterials/VolumeToRender.uexp" 172
"../../../Engine/Content/EngineDebugMaterials/M_VolumeRenderSphereTracePP.uasset" 173
"../../../Engine/Content/EngineDebugMaterials/M_VolumeRenderSphereTracePP.uexp" 174
"../../../Engine/Content/EngineDebugMaterials/M_SimpleUnlitTranslucent.uasset" 175
"../../../Engine/Content/EngineDebugMaterials/M_SimpleUnlitTranslucent.uexp" 176
"../../../Engine/Content/EngineDebugMaterials/DebugMeshMaterial.uasset" 177
"../../../Engine/Content/EngineDebugMaterials/DebugMeshMaterial.uexp" 178
"../../../Engine/Content/EngineDebugMaterials/DebugEditorMaterial.uasset" 179
"../../../Engine/Content/EngineDebugMaterials/DebugEditorMaterial.uexp" 180
"../../../Engine/Content/EngineDamageTypes/DmgTypeBP_Environmental.uasset" 181
"../../../Engine/Content/EngineDamageTypes/DmgTypeBP_Environmental.uexp" 182
"../../../Engine/Content/EditorResources/S_TriggerSphere.uasset" 183
"../../../Engine/Content/EditorResources/S_TriggerSphere.uexp" 184
"../../../Engine/Content/EditorResources/S_TriggerCapsule.uasset" 185
"../../../Engine/Content/EditorResources/S_TriggerCapsule.uexp" 186
"../../../Engine/Content/EditorResources/S_TriggerBox.uasset" 187
"../../../Engine/Content/EditorResources/S_TriggerBox.uexp" 188
"../../../Engine/Content/EditorResources/S_Trigger.ubulk" 189
"../../../Engine/Content/EditorResources/S_Trigger.uasset" 190
"../../../Engine/Content/EditorResources/S_Trigger.uexp" 191
"../../../Engine/Content/EditorResources/S_Terrain.ubulk" 192
"../../../Engine/Content/EditorResources/S_Terrain.uasset" 193
"../../../Engine/Content/EditorResources/S_Terrain.uexp" 194
"../../../Engine/Content/EditorResources/S_Solver.ubulk" 195
"../../../Engine/Content/EditorResources/S_Solver.uasset" 196
"../../../Engine/Content/EditorResources/S_Solver.uexp" 197
"../../../Engine/Content/EditorResources/S_BoxReflectionCapture.uasset" 198
"../../../Engine/Content/EditorResources/S_BoxReflectionCapture.uexp" 199
"../../../Engine/Content/EditorResources/S_Actor.ubulk" 200
"../../../Engine/Content/EditorResources/S_Actor.uasset" 201
"../../../Engine/Content/EditorResources/S_Actor.uexp" 202
"../../../Engine/Content/EditorResources/EmptyActor.uasset" 203
"../../../Engine/Content/EditorResources/EmptyActor.uexp" 204
"../../../Engine/Content/EditorResources/BSPVertex.uasset" 205
"../../../Engine/Content/EditorResources/BSPVertex.uexp" 206
"../../../Engine/Content/EditorResources/SequenceRecorder/RecordingIndicator.uasset" 207
"../../../Engine/Content/EditorResources/SequenceRecorder/RecordingIndicator.uexp" 208
"../../../Engine/Content/EditorResources/SequenceRecorder/Countdown.uasset" 209
"../../../Engine/Content/EditorResources/SequenceRecorder/Countdown.uexp" 210
"../../../Engine/Content/EditorResources/LightIcons/S_LightError.uasset" 211
"../../../Engine/Content/EditorResources/LightIcons/S_LightError.uexp" 212
"../../../Engine/Content/EditorMaterials/Camera/CineMat.uasset" 213
"../../../Engine/Content/EditorMaterials/Camera/CineMat.uexp" 214
"../../../Engine/Content/EditorMaterials/Camera/MI_CineMat_Rig.uasset" 215
"../../../Engine/Content/EditorMaterials/Camera/MI_CineMat_Rig.uexp" 216
"../../../Engine/Content/EditorMeshes/Camera/SM_RailRig_Track.ubulk" 217
"../../../Engine/Content/EditorMeshes/Camera/SM_RailRig_Track.uasset" 218
"../../../Engine/Content/EditorMeshes/Camera/SM_RailRig_Track.uexp" 219
"../../../Engine/Content/EditorMeshes/Camera/SM_RailRig_Mount.ubulk" 220
"../../../Engine/Content/EditorMeshes/Camera/SM_RailRig_Mount.uasset" 221
"../../../Engine/Content/EditorMeshes/Camera/SM_RailRig_Mount.uexp" 222
"../../../Engine/Content/EditorMeshes/Camera/SM_CraneRig_Mount.ubulk" 223
"../../../Engine/Content/EditorMeshes/Camera/SM_CraneRig_Mount.uasset" 224
"../../../Engine/Content/EditorMeshes/Camera/SM_CraneRig_Mount.uexp" 225
"../../../Engine/Content/EditorMeshes/Camera/SM_CraneRig_Body.ubulk" 226
"../../../Engine/Content/EditorMeshes/Camera/SM_CraneRig_Body.uasset" 227
"../../../Engine/Content/EditorMeshes/Camera/SM_CraneRig_Body.uexp" 228
"../../../Engine/Content/EditorMeshes/Camera/SM_CraneRig_Base.ubulk" 229
"../../../Engine/Content/EditorMeshes/Camera/SM_CraneRig_Base.uasset" 230
"../../../Engine/Content/EditorMeshes/Camera/SM_CraneRig_Base.uexp" 231
"../../../Engine/Content/EditorMeshes/Camera/SM_CraneRig_Arm.ubulk" 232
"../../../Engine/Content/EditorMeshes/Camera/SM_CraneRig_Arm.uasset" 233
"../../../Engine/Content/EditorMeshes/Camera/SM_CraneRig_Arm.uexp" 234
"../../../Engine/Content/EditorMaterials/PreviewShadowIndicator.ubulk" 235
"../../../Engine/Content/EditorMaterials/PreviewShadowIndicator.uasset" 236
"../../../Engine/Content/EditorMaterials/PreviewShadowIndicator.uexp" 237
"../../../Engine/Content/EditorMaterials/PreviewShadowIndicatorMaterial.uasset" 238
"../../../Engine/Content/EditorMaterials/PreviewShadowIndicatorMaterial.uexp" 239
"../../../Engine/Content/EditorMaterials/MAT_Groups_Visibility.uasset" 240
"../../../Engine/Content/EditorMaterials/MAT_Groups_Visibility.uexp" 241
"../../../Engine/Content/EditorMaterials/MAT_Groups_Toggle.uasset" 242
"../../../Engine/Content/EditorMaterials/MAT_Groups_Toggle.uexp" 243
"../../../Engine/Content/Functions/Engine_MaterialFunctions02/Utility/MakeFloat4.uasset" 244
"../../../Engine/Content/Functions/Engine_MaterialFunctions02/Utility/MakeFloat4.uexp" 245
"../../../Engine/Content/Functions/Engine_MaterialFunctions02/Utility/MakeFloat3.uasset" 246
"../../../Engine/Content/Functions/Engine_MaterialFunctions02/Utility/MakeFloat3.uexp" 247
"../../../Engine/Content/Functions/Engine_MaterialFunctions02/Utility/BreakOutFloat3Components.uasset" 248
"../../../Engine/Content/Functions/Engine_MaterialFunctions02/Utility/BreakOutFloat3Components.uexp" 249
"../../../Engine/Content/EditorMaterials/WorldPartition/WorldPartitionSpatialHashGridPreviewMaterial.uasset" 250
"../../../Engine/Content/EditorMaterials/WorldPartition/WorldPartitionSpatialHashGridPreviewMaterial.uexp" 251
"../../../Engine/Content/EditorMaterials/ParticleSystems/PSysThumbnail_OOD.ubulk" 252
"../../../Engine/Content/EditorMaterials/ParticleSystems/PSysThumbnail_OOD.uasset" 253
"../../../Engine/Content/EditorMaterials/ParticleSystems/PSysThumbnail_OOD.uexp" 254
"../../../Engine/Content/EditorMaterials/ParticleSystems/PSysThumbnail_NoImage.ubulk" 255
"../../../Engine/Content/EditorMaterials/ParticleSystems/PSysThumbnail_NoImage.uasset" 256
"../../../Engine/Content/EditorMaterials/ParticleSystems/PSysThumbnail_NoImage.uexp" 257
"../../../Engine/Content/EditorMaterials/MatineeGroups/MAT_Groups_Vector.uasset" 258
"../../../Engine/Content/EditorMaterials/MatineeGroups/MAT_Groups_Vector.uexp" 259
"../../../Engine/Content/EditorMaterials/MatineeGroups/MAT_Groups_Sound.uasset" 260
"../../../Engine/Content/EditorMaterials/MatineeGroups/MAT_Groups_Sound.uexp" 261
"../../../Engine/Content/EditorMaterials/MatineeGroups/MAT_Groups_Slomo.uasset" 262
"../../../Engine/Content/EditorMaterials/MatineeGroups/MAT_Groups_Slomo.uexp" 263
"../../../Engine/Content/EditorMaterials/MatineeGroups/MAT_Groups_Move.uasset" 264
"../../../Engine/Content/EditorMaterials/MatineeGroups/MAT_Groups_Move.uexp" 265
"../../../Engine/Content/EditorMaterials/MatineeGroups/MAT_Groups_Float.uasset" 266
"../../../Engine/Content/EditorMaterials/MatineeGroups/MAT_Groups_Float.uexp" 267
"../../../Engine/Content/EditorMaterials/MatineeGroups/MAT_Groups_Fade.uasset" 268
"../../../Engine/Content/EditorMaterials/MatineeGroups/MAT_Groups_Fade.uexp" 269
"../../../Engine/Content/EditorMaterials/MatineeGroups/MAT_Groups_Event.uasset" 270
"../../../Engine/Content/EditorMaterials/MatineeGroups/MAT_Groups_Event.uexp" 271
"../../../Engine/Content/EditorMaterials/MatineeGroups/MAT_Groups_Director.uasset" 272
"../../../Engine/Content/EditorMaterials/MatineeGroups/MAT_Groups_Director.uexp" 273
"../../../Engine/Content/EditorMaterials/MatineeGroups/MAT_Groups_AudioMaster.uasset" 274
"../../../Engine/Content/EditorMaterials/MatineeGroups/MAT_Groups_AudioMaster.uexp" 275
"../../../Engine/Content/EditorMaterials/MatineeGroups/MAT_Groups_Anim.uasset" 276
"../../../Engine/Content/EditorMaterials/MatineeGroups/MAT_Groups_Anim.uexp" 277
"../../../Engine/Content/EditorMaterials/MatineeGroups/MAT_ColorTrack.uasset" 278
"../../../Engine/Content/EditorMaterials/MatineeGroups/MAT_ColorTrack.uexp" 279
"../../../Engine/Content/EditorLandscapeResources/DefaultAlphaTexture.uasset" 280
"../../../Engine/Content/EditorLandscapeResources/DefaultAlphaTexture.uexp" 281
"../../../Engine/Content/EditorLandscapeResources/DataLayer.uasset" 282
"../../../Engine/Content/EditorLandscapeResources/DataLayer.uexp" 283
"../../../Engine/Content/MobileResources/HUD/VirtualJoystick_Background.uasset" 284
"../../../Engine/Content/MobileResources/HUD/VirtualJoystick_Background.uexp" 285
"../../../Engine/Content/MobileResources/HUD/VirtualJoystick_Thumb.uasset" 286
"../../../Engine/Content/MobileResources/HUD/VirtualJoystick_Thumb.uexp" 287
"../../../Engine/Content/MobileResources/HUD/DefaultVirtualJoysticks.uasset" 288
"../../../Engine/Content/MobileResources/HUD/DefaultVirtualJoysticks.uexp" 289
"../../../Engine/Content/Tutorial/ContentIntroCurve.uasset" 290
"../../../Engine/Content/Tutorial/ContentIntroCurve.uexp" 291
"../../../Engine/Content/VREditor/TransformGizmo/Main.uasset" 292
"../../../Engine/Content/VREditor/TransformGizmo/Main.uexp" 293
"../../../Engine/Content/VREditor/TransformGizmo/Xray.uasset" 294
"../../../Engine/Content/VREditor/TransformGizmo/Xray.uexp" 295
"../../../Engine/Content/VREditor/TransformGizmo/SM_Sequencer_Node.ubulk" 296
"../../../Engine/Content/VREditor/TransformGizmo/SM_Sequencer_Node.uasset" 297
"../../../Engine/Content/VREditor/TransformGizmo/SM_Sequencer_Node.uexp" 298
"../../../Engine/Content/VREditor/LaserPointer/VR_LaserPower_01.ubulk" 299
"../../../Engine/Content/VREditor/LaserPointer/VR_LaserPower_01.uasset" 300
"../../../Engine/Content/VREditor/LaserPointer/VR_LaserPower_01.uexp" 301
"../../../Engine/Content/VREditor/TransformGizmo/TransformGizmoMaterial.uasset" 302
"../../../Engine/Content/VREditor/TransformGizmo/TransformGizmoMaterial.uexp" 303
"../../../Engine/Content/VREditor/TransformGizmo/TranslucentTransformGizmoMaterial.uasset" 304
"../../../Engine/Content/VREditor/TransformGizmo/TranslucentTransformGizmoMaterial.uexp" 305
"../../../Engine/Content/VREditor/TransformGizmo/PlaneTranslationHandle.ubulk" 306
"../../../Engine/Content/VREditor/TransformGizmo/PlaneTranslationHandle.uasset" 307
"../../../Engine/Content/VREditor/TransformGizmo/PlaneTranslationHandle.uexp" 308
"../../../Engine/Content/VREditor/TransformGizmo/BoundingBoxEdge.ubulk" 309
"../../../Engine/Content/VREditor/TransformGizmo/BoundingBoxEdge.uasset" 310
"../../../Engine/Content/VREditor/TransformGizmo/BoundingBoxEdge.uexp" 311
"../../../Engine/Content/VREditor/TransformGizmo/BoundingBoxCorner.ubulk" 312
"../../../Engine/Content/VREditor/TransformGizmo/BoundingBoxCorner.uasset" 313
"../../../Engine/Content/VREditor/TransformGizmo/BoundingBoxCorner.uexp" 314
"../../../Engine/Plugins/Runtime/HairStrands/Content/Materials/HairMeshesDefaultMaterial.uasset" 315
"../../../Engine/Plugins/Runtime/HairStrands/Content/Materials/HairMeshesDefaultMaterial.uexp" 316
"../../../Engine/Plugins/Runtime/HairStrands/Content/Materials/HairDefaultMaterial.uasset" 317
"../../../Engine/Plugins/Runtime/HairStrands/Content/Materials/HairDefaultMaterial.uexp" 318
"../../../Engine/Plugins/Runtime/HairStrands/Content/Materials/HairGroupColors.uasset" 319
"../../../Engine/Plugins/Runtime/HairStrands/Content/Materials/HairGroupColors.uexp" 320
"../../../Engine/Content/EngineMaterials/HairColorMap.uasset" 321
"../../../Engine/Content/EngineMaterials/HairColorMap.uexp" 322
"../../../Engine/Content/EngineMaterials/HairDebugColor.uasset" 323
"../../../Engine/Content/EngineMaterials/HairDebugColor.uexp" 324
"../../../Engine/Plugins/Runtime/HairStrands/Content/Materials/HairDebugMaterial.uasset" 325
"../../../Engine/Plugins/Runtime/HairStrands/Content/Materials/HairDebugMaterial.uexp" 326
"../../../Engine/Plugins/Runtime/HairStrands/Content/Materials/HairCardsDefaultMaterial.uasset" 327
"../../../Engine/Plugins/Runtime/HairStrands/Content/Materials/HairCardsDefaultMaterial.uexp" 328
"../../../Engine/Plugins/Editor/SpeedTreeImporter/Content/SpeedTree9/game_wind_noise.ubulk" 329
"../../../Engine/Plugins/Editor/SpeedTreeImporter/Content/SpeedTree9/game_wind_noise.uasset" 330
"../../../Engine/Plugins/Editor/SpeedTreeImporter/Content/SpeedTree9/game_wind_noise.uexp" 331
"../../../Engine/Plugins/Editor/SpeedTreeImporter/Content/SpeedTree9/UnpackDirection.uasset" 332
"../../../Engine/Plugins/Editor/SpeedTreeImporter/Content/SpeedTree9/UnpackDirection.uexp" 333
"../../../Engine/Content/Functions/Engine_MaterialFunctions02/ObjectLocalBounds.uasset" 334
"../../../Engine/Content/Functions/Engine_MaterialFunctions02/ObjectLocalBounds.uexp" 335
"../../../Engine/Content/Functions/Engine_MaterialFunctions02/UVs/BoundingBoxBased_0-1_UVW.uasset" 336
"../../../Engine/Content/Functions/Engine_MaterialFunctions02/UVs/BoundingBoxBased_0-1_UVW.uexp" 337
"../../../Engine/Content/Functions/Engine_MaterialFunctions02/Utility/VectorLength.uasset" 338
"../../../Engine/Content/Functions/Engine_MaterialFunctions02/Utility/VectorLength.uexp" 339
"../../../Engine/Plugins/Editor/SpeedTreeImporter/Content/SpeedTree9/UnpackInteger3.uasset" 340
"../../../Engine/Plugins/Editor/SpeedTreeImporter/Content/SpeedTree9/UnpackInteger3.uexp" 341
"../../../Engine/Plugins/Editor/SpeedTreeImporter/Content/SpeedTree9/SpeedTreeCameraFacing.uasset" 342
"../../../Engine/Plugins/Editor/SpeedTreeImporter/Content/SpeedTree9/SpeedTreeCameraFacing.uexp" 343
"../../../Engine/Content/Functions/Engine_MaterialFunctions02/WorldPositionOffset/ObjectScale.uasset" 344
"../../../Engine/Content/Functions/Engine_MaterialFunctions02/WorldPositionOffset/ObjectScale.uexp" 345
"../../../Engine/Content/Functions/Engine_MaterialFunctions02/SafeNormalize.uasset" 346
"../../../Engine/Content/Functions/Engine_MaterialFunctions02/SafeNormalize.uexp" 347
"../../../Engine/Plugins/Editor/SpeedTreeImporter/Content/SpeedTree9/SpeedTreeWindMotion.uasset" 348
"../../../Engine/Plugins/Editor/SpeedTreeImporter/Content/SpeedTree9/SpeedTreeWindMotion.uexp" 349
"../../../Engine/Plugins/Editor/SpeedTreeImporter/Content/SpeedTree9/SpeedTreeBranchMotion.uasset" 350
"../../../Engine/Plugins/Editor/SpeedTreeImporter/Content/SpeedTree9/SpeedTreeBranchMotion.uexp" 351
"../../../Engine/Plugins/Editor/SpeedTreeImporter/Content/SpeedTree9/SpeedTreeWind.uasset" 352
"../../../Engine/Plugins/Editor/SpeedTreeImporter/Content/SpeedTree9/SpeedTreeWind.uexp" 353
"../../../Engine/Plugins/Editor/SpeedTreeImporter/Content/SpeedTree9/EmptyNormal.uasset" 354
"../../../Engine/Plugins/Editor/SpeedTreeImporter/Content/SpeedTree9/EmptyNormal.uexp" 355
"../../../Engine/Plugins/Editor/SpeedTreeImporter/Content/SpeedTree9/Empty.uasset" 356
"../../../Engine/Plugins/Editor/SpeedTreeImporter/Content/SpeedTree9/Empty.uexp" 357
"../../../Engine/Plugins/Editor/SpeedTreeImporter/Content/SpeedTree9/SpeedTreeMaster.uasset" 358
"../../../Engine/Plugins/Editor/SpeedTreeImporter/Content/SpeedTree9/SpeedTreeMaster.uexp" 359
"../../../Engine/Plugins/Editor/SpeedTreeImporter/Content/SpeedTree9/SpeedTreeBillboard.uasset" 360
"../../../Engine/Plugins/Editor/SpeedTreeImporter/Content/SpeedTree9/SpeedTreeBillboard.uexp" 361
"../../../Engine/Plugins/Editor/SpeedTreeImporter/Content/SpeedTree9/SpeedTreeBillboardMaster.uasset" 362
"../../../Engine/Plugins/Editor/SpeedTreeImporter/Content/SpeedTree9/SpeedTreeBillboardMaster.uexp" 363
"../../../Engine/Plugins/Animation/ControlRig/Content/M_Manip.uasset" 364
"../../../Engine/Plugins/Animation/ControlRig/Content/M_Manip.uexp" 365
"../../../Engine/Plugins/Animation/ControlRig/Content/Controls/DefaultGizmoLibraryNormalized.uasset" 366
"../../../Engine/Plugins/Animation/ControlRig/Content/Controls/DefaultGizmoLibraryNormalized.uexp" 367
"../../../Engine/Content/EngineMaterials/T_Default_Material_Grid_M.ubulk" 368
"../../../Engine/Content/EngineMaterials/T_Default_Material_Grid_M.uasset" 369
"../../../Engine/Content/EngineMaterials/T_Default_Material_Grid_M.uexp" 370
"../../../Engine/Content/EngineMaterials/T_Default_Material_Grid_N.ubulk" 371
"../../../Engine/Content/EngineMaterials/T_Default_Material_Grid_N.uasset" 372
"../../../Engine/Content/EngineMaterials/T_Default_Material_Grid_N.uexp" 373
"../../../Engine/Content/Functions/Engine_MaterialFunctions01/Opacity/CameraDepthFade.uasset" 374
"../../../Engine/Content/Functions/Engine_MaterialFunctions01/Opacity/CameraDepthFade.uexp" 375
"../../../Engine/Content/EngineMaterials/WorldGridMaterial.uasset" 376
"../../../Engine/Content/EngineMaterials/WorldGridMaterial.uexp" 377
"../../../Engine/Plugins/Animation/ControlRig/Content/Controls/ControlRig_Wedge_solid.ubulk" 378
"../../../Engine/Plugins/Animation/ControlRig/Content/Controls/ControlRig_Wedge_solid.uasset" 379
"../../../Engine/Plugins/Animation/ControlRig/Content/Controls/ControlRig_Wedge_solid.uexp" 380
"../../../Engine/Plugins/Animation/ControlRig/Content/Controls/ControlRig_Wedge_3mm.ubulk" 381
"../../../Engine/Plugins/Animation/ControlRig/Content/Controls/ControlRig_Wedge_3mm.uasset" 382
"../../../Engine/Plugins/Animation/ControlRig/Content/Controls/ControlRig_Wedge_3mm.uexp" 383
"../../../Engine/Plugins/Animation/ControlRig/Content/Controls/ControlRig_Wedge_1mm.ubulk" 384
"../../../Engine/Plugins/Animation/ControlRig/Content/Controls/ControlRig_Wedge_1mm.uasset" 385
"../../../Engine/Plugins/Animation/ControlRig/Content/Controls/ControlRig_Wedge_1mm.uexp" 386
"../../../Engine/Plugins/Animation/ControlRig/Content/Controls/ControlRig_Triangle_solid.ubulk" 387
"../../../Engine/Plugins/Animation/ControlRig/Content/Controls/ControlRig_Triangle_solid.uasset" 388
"../../../Engine/Plugins/Animation/ControlRig/Content/Controls/ControlRig_Triangle_solid.uexp" 389
"../../../Engine/Plugins/Animation/ControlRig/Content/Controls/ControlRig_Triangle_3mm.ubulk" 390
"../../../Engine/Plugins/Animation/ControlRig/Content/Controls/ControlRig_Triangle_3mm.uasset" 391
"../../../Engine/Plugins/Animation/ControlRig/Content/Controls/ControlRig_Triangle_3mm.uexp" 392
"../../../Engine/Plugins/Animation/ControlRig/Content/Controls/ControlRig_Triangle_1mm.ubulk" 393
"../../../Engine/Plugins/Animation/ControlRig/Content/Controls/ControlRig_Triangle_1mm.uasset" 394
"../../../Engine/Plugins/Animation/ControlRig/Content/Controls/ControlRig_Triangle_1mm.uexp" 395
"../../../Engine/Plugins/Animation/ControlRig/Content/Controls/ControlRig_Star4_solid.ubulk" 396
"../../../Engine/Plugins/Animation/ControlRig/Content/Controls/ControlRig_Star4_solid.uasset" 397
"../../../Engine/Plugins/Animation/ControlRig/Content/Controls/ControlRig_Star4_solid.uexp" 398
"../../../Engine/Plugins/Animation/ControlRig/Content/Controls/ControlRig_Star4_3mm.ubulk" 399
"../../../Engine/Plugins/Animation/ControlRig/Content/Controls/ControlRig_Star4_3mm.uasset" 400
"../../../Engine/Plugins/Animation/ControlRig/Content/Controls/ControlRig_Star4_3mm.uexp" 401
"../../../Engine/Plugins/Animation/ControlRig/Content/Controls/ControlRig_Star4_1mm.ubulk" 402
"../../../Engine/Plugins/Animation/ControlRig/Content/Controls/ControlRig_Star4_1mm.uasset" 403
"../../../Engine/Plugins/Animation/ControlRig/Content/Controls/ControlRig_Star4_1mm.uexp" 404
"../../../Engine/Plugins/Animation/ControlRig/Content/Controls/ControlRig_Square_solid.ubulk" 405
"../../../Engine/Plugins/Animation/ControlRig/Content/Controls/ControlRig_Square_solid.uasset" 406
"../../../Engine/Plugins/Animation/ControlRig/Content/Controls/ControlRig_Square_solid.uexp" 407
"../../../Engine/Plugins/Animation/ControlRig/Content/Controls/ControlRig_Square_3mm.ubulk" 408
"../../../Engine/Plugins/Animation/ControlRig/Content/Controls/ControlRig_Square_3mm.uasset" 409
"../../../Engine/Plugins/Animation/ControlRig/Content/Controls/ControlRig_Square_3mm.uexp" 410
"../../../Engine/Plugins/Animation/ControlRig/Content/Controls/ControlRig_Square_1mm.ubulk" 411
"../../../Engine/Plugins/Animation/ControlRig/Content/Controls/ControlRig_Square_1mm.uasset" 412
"../../../Engine/Plugins/Animation/ControlRig/Content/Controls/ControlRig_Square_1mm.uexp" 413
"../../../Engine/Plugins/Animation/ControlRig/Content/Controls/ControlRig_Sphere_solid.ubulk" 414
"../../../Engine/Plugins/Animation/ControlRig/Content/Controls/ControlRig_Sphere_solid.uasset" 415
"../../../Engine/Plugins/Animation/ControlRig/Content/Controls/ControlRig_Sphere_solid.uexp" 416
"../../../Engine/Plugins/Animation/ControlRig/Content/Controls/ControlRig_Sphere_3mm.ubulk" 417
"../../../Engine/Plugins/Animation/ControlRig/Content/Controls/ControlRig_Sphere_3mm.uasset" 418
"../../../Engine/Plugins/Animation/ControlRig/Content/Controls/ControlRig_Sphere_3mm.uexp" 419
"../../../Engine/Plugins/Animation/ControlRig/Content/Controls/ControlRig_Sphere_1mm.ubulk" 420
"../../../Engine/Plugins/Animation/ControlRig/Content/Controls/ControlRig_Sphere_1mm.uasset" 421
"../../../Engine/Plugins/Animation/ControlRig/Content/Controls/ControlRig_Sphere_1mm.uexp" 422
"../../../Engine/Plugins/Animation/ControlRig/Content/Controls/ControlRig_RoundedTriangle_solid.ubulk" 423
"../../../Engine/Plugins/Animation/ControlRig/Content/Controls/ControlRig_RoundedTriangle_solid.uasset" 424
"../../../Engine/Plugins/Animation/ControlRig/Content/Controls/ControlRig_RoundedTriangle_solid.uexp" 425
"../../../Engine/Plugins/Animation/ControlRig/Content/Controls/ControlRig_RoundedTriangle_3mm.ubulk" 426
"../../../Engine/Plugins/Animation/ControlRig/Content/Controls/ControlRig_RoundedTriangle_3mm.uasset" 427
"../../../Engine/Plugins/Animation/ControlRig/Content/Controls/ControlRig_RoundedTriangle_3mm.uexp" 428
"../../../Engine/Plugins/Animation/ControlRig/Content/Controls/ControlRig_RoundedTriangle_1mm.ubulk" 429
"../../../Engine/Plugins/Animation/ControlRig/Content/Controls/ControlRig_RoundedTriangle_1mm.uasset" 430
"../../../Engine/Plugins/Animation/ControlRig/Content/Controls/ControlRig_RoundedTriangle_1mm.uexp" 431
"../../../Engine/Plugins/Animation/ControlRig/Content/Controls/ControlRig_RoundedSquare_solid.ubulk" 432
"../../../Engine/Plugins/Animation/ControlRig/Content/Controls/ControlRig_RoundedSquare_solid.uasset" 433
"../../../Engine/Plugins/Animation/ControlRig/Content/Controls/ControlRig_RoundedSquare_solid.uexp" 434
"../../../Engine/Plugins/Animation/ControlRig/Content/Controls/ControlRig_RoundedSquare_3mm.ubulk" 435
"../../../Engine/Plugins/Animation/ControlRig/Content/Controls/ControlRig_RoundedSquare_3mm.uasset" 436
"../../../Engine/Plugins/Animation/ControlRig/Content/Controls/ControlRig_RoundedSquare_3mm.uexp" 437
"../../../Engine/Plugins/Animation/ControlRig/Content/Controls/ControlRig_RoundedSquare_1mm.ubulk" 438
"../../../Engine/Plugins/Animation/ControlRig/Content/Controls/ControlRig_RoundedSquare_1mm.uasset" 439
"../../../Engine/Plugins/Animation/ControlRig/Content/Controls/ControlRig_RoundedSquare_1mm.uexp" 440
"../../../Engine/Plugins/Animation/ControlRig/Content/Controls/ControlRig_QuarterCircle_solid.ubulk" 441
"../../../Engine/Plugins/Animation/ControlRig/Content/Controls/ControlRig_QuarterCircle_solid.uasset" 442
"../../../Engine/Plugins/Animation/ControlRig/Content/Controls/ControlRig_QuarterCircle_solid.uexp" 443
"../../../Engine/Plugins/Animation/ControlRig/Content/Controls/ControlRig_QuarterCircle_3mm.ubulk" 444
"../../../Engine/Plugins/Animation/ControlRig/Content/Controls/ControlRig_QuarterCircle_3mm.uasset" 445
"../../../Engine/Plugins/Animation/ControlRig/Content/Controls/ControlRig_QuarterCircle_3mm.uexp" 446
"../../../Engine/Plugins/Animation/ControlRig/Content/Controls/ControlRig_QuarterCircle_1mm.ubulk" 447
"../../../Engine/Plugins/Animation/ControlRig/Content/Controls/ControlRig_QuarterCircle_1mm.uasset" 448
"../../../Engine/Plugins/Animation/ControlRig/Content/Controls/ControlRig_QuarterCircle_1mm.uexp" 449
"../../../Engine/Plugins/Animation/ControlRig/Content/Controls/ControlRig_Pyramid_solid.ubulk" 450
"../../../Engine/Plugins/Animation/ControlRig/Content/Controls/ControlRig_Pyramid_solid.uasset" 451
"../../../Engine/Plugins/Animation/ControlRig/Content/Controls/ControlRig_Pyramid_solid.uexp" 452
"../../../Engine/Plugins/Animation/ControlRig/Content/Controls/ControlRig_Pyramid_3mm.ubulk" 453
"../../../Engine/Plugins/Animation/ControlRig/Content/Controls/ControlRig_Pyramid_3mm.uasset" 454
"../../../Engine/Plugins/Animation/ControlRig/Content/Controls/ControlRig_Pyramid_3mm.uexp" 455
"../../../Engine/Plugins/Animation/ControlRig/Content/Controls/ControlRig_Pyramid_1mm.ubulk" 456
"../../../Engine/Plugins/Animation/ControlRig/Content/Controls/ControlRig_Pyramid_1mm.uasset" 457
"../../../Engine/Plugins/Animation/ControlRig/Content/Controls/ControlRig_Pyramid_1mm.uexp" 458
"../../../Engine/Plugins/Animation/ControlRig/Content/Controls/ControlRig_Octagon_solid.ubulk" 459
"../../../Engine/Plugins/Animation/ControlRig/Content/Controls/ControlRig_Octagon_solid.uasset" 460
"../../../Engine/Plugins/Animation/ControlRig/Content/Controls/ControlRig_Octagon_solid.uexp" 461
"../../../Engine/Plugins/Animation/ControlRig/Content/Controls/ControlRig_Octagon_3mm.ubulk" 462
"../../../Engine/Plugins/Animation/ControlRig/Content/Controls/ControlRig_Octagon_3mm.uasset" 463
"../../../Engine/Plugins/Animation/ControlRig/Content/Controls/ControlRig_Octagon_3mm.uexp" 464
"../../../Engine/Plugins/Animation/ControlRig/Content/Controls/ControlRig_Octagon_1mm.ubulk" 465
"../../../Engine/Plugins/Animation/ControlRig/Content/Controls/ControlRig_Octagon_1mm.uasset" 466
"../../../Engine/Plugins/Animation/ControlRig/Content/Controls/ControlRig_Octagon_1mm.uexp" 467
"../../../Engine/Plugins/Animation/ControlRig/Content/Controls/ControlRig_Hexagon_solid.ubulk" 468
"../../../Engine/Plugins/Animation/ControlRig/Content/Controls/ControlRig_Hexagon_solid.uasset" 469
"../../../Engine/Plugins/Animation/ControlRig/Content/Controls/ControlRig_Hexagon_solid.uexp" 470
"../../../Engine/Plugins/Animation/ControlRig/Content/Controls/ControlRig_Hexagon_3mm.ubulk" 471
"../../../Engine/Plugins/Animation/ControlRig/Content/Controls/ControlRig_Hexagon_3mm.uasset" 472
"../../../Engine/Plugins/Animation/ControlRig/Content/Controls/ControlRig_Hexagon_3mm.uexp" 473
"../../../Engine/Plugins/Animation/ControlRig/Content/Controls/ControlRig_Hexagon_1mm.ubulk" 474
"../../../Engine/Plugins/Animation/ControlRig/Content/Controls/ControlRig_Hexagon_1mm.uasset" 475
"../../../Engine/Plugins/Animation/ControlRig/Content/Controls/ControlRig_Hexagon_1mm.uexp" 476
"../../../Engine/Plugins/Animation/ControlRig/Content/Controls/ControlRig_HalfCircle_solid.ubulk" 477
"../../../Engine/Plugins/Animation/ControlRig/Content/Controls/ControlRig_HalfCircle_solid.uasset" 478
"../../../Engine/Plugins/Animation/ControlRig/Content/Controls/ControlRig_HalfCircle_solid.uexp" 479
"../../../Engine/Plugins/Animation/ControlRig/Content/Controls/ControlRig_HalfCircle_3mm.ubulk" 480
"../../../Engine/Plugins/Animation/ControlRig/Content/Controls/ControlRig_HalfCircle_3mm.uasset" 481
"../../../Engine/Plugins/Animation/ControlRig/Content/Controls/ControlRig_HalfCircle_3mm.uexp" 482
"../../../Engine/Plugins/Animation/ControlRig/Content/Controls/ControlRig_HalfCircle_1mm.ubulk" 483
"../../../Engine/Plugins/Animation/ControlRig/Content/Controls/ControlRig_HalfCircle_1mm.uasset" 484
"../../../Engine/Plugins/Animation/ControlRig/Content/Controls/ControlRig_HalfCircle_1mm.uexp" 485
"../../../Engine/Plugins/Animation/ControlRig/Content/Controls/ControlRig_Diamond_solid.ubulk" 486
"../../../Engine/Plugins/Animation/ControlRig/Content/Controls/ControlRig_Diamond_solid.uasset" 487
"../../../Engine/Plugins/Animation/ControlRig/Content/Controls/ControlRig_Diamond_solid.uexp" 488
"../../../Engine/Plugins/Animation/ControlRig/Content/Controls/ControlRig_Diamond_3mm.ubulk" 489
"../../../Engine/Plugins/Animation/ControlRig/Content/Controls/ControlRig_Diamond_3mm.uasset" 490
"../../../Engine/Plugins/Animation/ControlRig/Content/Controls/ControlRig_Diamond_3mm.uexp" 491
"../../../Engine/Plugins/Animation/ControlRig/Content/Controls/ControlRig_Diamond_1mm.ubulk" 492
"../../../Engine/Plugins/Animation/ControlRig/Content/Controls/ControlRig_Diamond_1mm.uasset" 493
"../../../Engine/Plugins/Animation/ControlRig/Content/Controls/ControlRig_Diamond_1mm.uexp" 494
"../../../Engine/Plugins/Animation/ControlRig/Content/Controls/ControlRig_Circle_solid.ubulk" 495
"../../../Engine/Plugins/Animation/ControlRig/Content/Controls/ControlRig_Circle_solid.uasset" 496
"../../../Engine/Plugins/Animation/ControlRig/Content/Controls/ControlRig_Circle_solid.uexp" 497
"../../../Engine/Plugins/Animation/ControlRig/Content/Controls/ControlRig_Circle_3mm.ubulk" 498
"../../../Engine/Plugins/Animation/ControlRig/Content/Controls/ControlRig_Circle_3mm.uasset" 499
"../../../Engine/Plugins/Animation/ControlRig/Content/Controls/ControlRig_Circle_3mm.uexp" 500
"../../../Engine/Plugins/Animation/ControlRig/Content/Controls/ControlRig_Circle_1mm.ubulk" 501
"../../../Engine/Plugins/Animation/ControlRig/Content/Controls/ControlRig_Circle_1mm.uasset" 502
"../../../Engine/Plugins/Animation/ControlRig/Content/Controls/ControlRig_Circle_1mm.uexp" 503
"../../../Engine/Plugins/Animation/ControlRig/Content/Controls/ControlRig_Box_solid.ubulk" 504
"../../../Engine/Plugins/Animation/ControlRig/Content/Controls/ControlRig_Box_solid.uasset" 505
"../../../Engine/Plugins/Animation/ControlRig/Content/Controls/ControlRig_Box_solid.uexp" 506
"../../../Engine/Plugins/Animation/ControlRig/Content/Controls/ControlRig_Box_3mm.ubulk" 507
"../../../Engine/Plugins/Animation/ControlRig/Content/Controls/ControlRig_Box_3mm.uasset" 508
"../../../Engine/Plugins/Animation/ControlRig/Content/Controls/ControlRig_Box_3mm.uexp" 509
"../../../Engine/Plugins/Animation/ControlRig/Content/Controls/ControlRig_Box_1mm.ubulk" 510
"../../../Engine/Plugins/Animation/ControlRig/Content/Controls/ControlRig_Box_1mm.uasset" 511
"../../../Engine/Plugins/Animation/ControlRig/Content/Controls/ControlRig_Box_1mm.uexp" 512
"../../../Engine/Plugins/Animation/ControlRig/Content/Controls/ControlRig_Arrow_solid.ubulk" 513
"../../../Engine/Plugins/Animation/ControlRig/Content/Controls/ControlRig_Arrow_solid.uasset" 514
"../../../Engine/Plugins/Animation/ControlRig/Content/Controls/ControlRig_Arrow_solid.uexp" 515
"../../../Engine/Plugins/Animation/ControlRig/Content/Controls/ControlRig_Arrow_3mm.ubulk" 516
"../../../Engine/Plugins/Animation/ControlRig/Content/Controls/ControlRig_Arrow_3mm.uasset" 517
"../../../Engine/Plugins/Animation/ControlRig/Content/Controls/ControlRig_Arrow_3mm.uexp" 518
"../../../Engine/Plugins/Animation/ControlRig/Content/Controls/ControlRig_Arrow_1mm.ubulk" 519
"../../../Engine/Plugins/Animation/ControlRig/Content/Controls/ControlRig_Arrow_1mm.uasset" 520
"../../../Engine/Plugins/Animation/ControlRig/Content/Controls/ControlRig_Arrow_1mm.uexp" 521
"../../../Engine/Plugins/Animation/ControlRig/Content/Controls/ControlRig_Arrow4_solid.ubulk" 522
"../../../Engine/Plugins/Animation/ControlRig/Content/Controls/ControlRig_Arrow4_solid.uasset" 523
"../../../Engine/Plugins/Animation/ControlRig/Content/Controls/ControlRig_Arrow4_solid.uexp" 524
"../../../Engine/Plugins/Animation/ControlRig/Content/Controls/ControlRig_Arrow4_3mm.ubulk" 525
"../../../Engine/Plugins/Animation/ControlRig/Content/Controls/ControlRig_Arrow4_3mm.uasset" 526
"../../../Engine/Plugins/Animation/ControlRig/Content/Controls/ControlRig_Arrow4_3mm.uexp" 527
"../../../Engine/Plugins/Animation/ControlRig/Content/Controls/ControlRig_Arrow4_1mm.ubulk" 528
"../../../Engine/Plugins/Animation/ControlRig/Content/Controls/ControlRig_Arrow4_1mm.uasset" 529
"../../../Engine/Plugins/Animation/ControlRig/Content/Controls/ControlRig_Arrow4_1mm.uexp" 530
"../../../Engine/Plugins/Animation/ControlRig/Content/Controls/ControlRig_Arrow2_solid.ubulk" 531
"../../../Engine/Plugins/Animation/ControlRig/Content/Controls/ControlRig_Arrow2_solid.uasset" 532
"../../../Engine/Plugins/Animation/ControlRig/Content/Controls/ControlRig_Arrow2_solid.uexp" 533
"../../../Engine/Plugins/Animation/ControlRig/Content/Controls/ControlRig_Arrow2_3mm.ubulk" 534
"../../../Engine/Plugins/Animation/ControlRig/Content/Controls/ControlRig_Arrow2_3mm.uasset" 535
"../../../Engine/Plugins/Animation/ControlRig/Content/Controls/ControlRig_Arrow2_3mm.uexp" 536
"../../../Engine/Plugins/Animation/ControlRig/Content/Controls/ControlRig_Arrow2_1mm.ubulk" 537
"../../../Engine/Plugins/Animation/ControlRig/Content/Controls/ControlRig_Arrow2_1mm.uasset" 538
"../../../Engine/Plugins/Animation/ControlRig/Content/Controls/ControlRig_Arrow2_1mm.uexp" 539
"../../../Engine/Plugins/Animation/ControlRig/Content/Controls/ControlRigGizmoMaterial.uasset" 540
"../../../Engine/Plugins/Animation/ControlRig/Content/Controls/ControlRigGizmoMaterial.uexp" 541
"../../../Engine/Plugins/2D/Paper2D/Content/PlaceholderTextures/DummySpriteTexture.ubulk" 542
"../../../Engine/Plugins/2D/Paper2D/Content/PlaceholderTextures/DummySpriteTexture.uasset" 543
"../../../Engine/Plugins/2D/Paper2D/Content/PlaceholderTextures/DummySpriteTexture.uexp" 544
"../../../Engine/Plugins/2D/Paper2D/Content/DefaultSpriteMaterial.uasset" 545
"../../../Engine/Plugins/2D/Paper2D/Content/DefaultSpriteMaterial.uexp" 546
"../../../Engine/Plugins/2D/Paper2D/Content/OpaqueUnlitSpriteMaterial.uasset" 547
"../../../Engine/Plugins/2D/Paper2D/Content/OpaqueUnlitSpriteMaterial.uexp" 548
"../../../Engine/Plugins/2D/Paper2D/Content/MaskedUnlitSpriteMaterial.uasset" 549
"../../../Engine/Plugins/2D/Paper2D/Content/MaskedUnlitSpriteMaterial.uexp" 550
"../../../Engine/Plugins/2D/Paper2D/Content/DummySprite.uasset" 551
"../../../Engine/Plugins/2D/Paper2D/Content/DummySprite.uexp" 552
"../../../Engine/Plugins/2D/Paper2D/Content/DefaultPaperTerrainMaterial.uasset" 553
"../../../Engine/Plugins/2D/Paper2D/Content/DefaultPaperTerrainMaterial.uexp" 554
"../../../Engine/Content/EngineMaterials/DefaultMaterial.uasset" 555
"../../../Engine/Content/EngineMaterials/DefaultMaterial.uexp" 556
"../../../Engine/Content/BasicShapes/Sphere.ubulk" 557
"../../../Engine/Content/BasicShapes/Sphere.uasset" 558
"../../../Engine/Content/BasicShapes/Sphere.uexp" 559
"../../../Engine/Content/BasicShapes/Plane.ubulk" 560
"../../../Engine/Content/BasicShapes/Plane.uasset" 561
"../../../Engine/Content/BasicShapes/Plane.uexp" 562
"../../../Engine/Content/BasicShapes/Cylinder.ubulk" 563
"../../../Engine/Content/BasicShapes/Cylinder.uasset" 564
"../../../Engine/Content/BasicShapes/Cylinder.uexp" 565
"../../../Engine/Content/BasicShapes/Cube.ubulk" 566
"../../../Engine/Content/BasicShapes/Cube.uasset" 567
"../../../Engine/Content/BasicShapes/Cube.uexp" 568
"../../../Engine/Content/BasicShapes/Cone.ubulk" 569
"../../../Engine/Content/BasicShapes/Cone.uasset" 570
"../../../Engine/Content/BasicShapes/Cone.uexp" 571
"../../../Engine/Content/ArtTools/RenderToTexture/Meshes/S_1_Unit_Plane.ubulk" 572
"../../../Engine/Content/ArtTools/RenderToTexture/Meshes/S_1_Unit_Plane.uasset" 573
"../../../Engine/Content/ArtTools/RenderToTexture/Meshes/S_1_Unit_Plane.uexp" 574
"../../../Engine/Content/Maps/Entry_BuiltData.uasset" 575
"../../../Engine/Content/Maps/Entry_BuiltData.uexp" 576
"../../../Engine/Content/Maps/Entry.uexp" 577
"../../../Engine/Content/Maps/Entry.umap" 578
"J:/UnrealProjects/Blaster/Content/Maps/TransitionMap.uexp" 579
"J:/UnrealProjects/Blaster/Content/Maps/TransitionMap.umap" 580
"../../../Engine/Content/EngineMaterials/BlendFunc_DefBlend.uasset" 581
"../../../Engine/Content/EngineMaterials/BlendFunc_DefBlend.uexp" 582
"../../../Engine/Content/EngineMaterials/BlendFunc_DefBase.uasset" 583
"../../../Engine/Content/EngineMaterials/BlendFunc_DefBase.uexp" 584
"../../../Engine/Content/Functions/Engine_MaterialFunctions03/Blends/Blend_Overlay.uasset" 585
"../../../Engine/Content/Functions/Engine_MaterialFunctions03/Blends/Blend_Overlay.uexp" 586
"../../../Engine/Content/OpenWorldTemplate/LandscapeMaterial/T_GridChecker_A.ubulk" 587
"../../../Engine/Content/OpenWorldTemplate/LandscapeMaterial/T_GridChecker_A.uasset" 588
"../../../Engine/Content/OpenWorldTemplate/LandscapeMaterial/T_GridChecker_A.uexp" 589
"../../../Engine/Content/Functions/Engine_MaterialFunctions01/Gradient/LinearGradient.uasset" 590
"../../../Engine/Content/Functions/Engine_MaterialFunctions01/Gradient/LinearGradient.uexp" 591
"../../../Engine/Content/Functions/Engine_MaterialFunctions01/ImageAdjustment/CheapContrast.uasset" 592
"../../../Engine/Content/Functions/Engine_MaterialFunctions01/ImageAdjustment/CheapContrast.uexp" 593
"../../../Engine/Content/OpenWorldTemplate/LandscapeMaterial/MF_ProcGrid.uasset" 594
"../../../Engine/Content/OpenWorldTemplate/LandscapeMaterial/MF_ProcGrid.uexp" 595
"../../../Engine/Content/OpenWorldTemplate/LandscapeMaterial/M_ProcGrid.uasset" 596
"../../../Engine/Content/OpenWorldTemplate/LandscapeMaterial/M_ProcGrid.uexp" 597
"../../../Engine/Content/OpenWorldTemplate/LandscapeMaterial/MI_ProcGrid.uasset" 598
"../../../Engine/Content/OpenWorldTemplate/LandscapeMaterial/MI_ProcGrid.uexp" 599
"../../../Engine/Content/EngineSky/T_Sky_Stars.ubulk" 600
"../../../Engine/Content/EngineSky/T_Sky_Stars.uasset" 601
"../../../Engine/Content/EngineSky/T_Sky_Stars.uexp" 602
"../../../Engine/Content/EngineSky/T_Sky_Clouds_M.ubulk" 603
"../../../Engine/Content/EngineSky/T_Sky_Clouds_M.uasset" 604
"../../../Engine/Content/EngineSky/T_Sky_Clouds_M.uexp" 605
"../../../Engine/Content/EngineSky/T_Sky_Blue.ubulk" 606
"../../../Engine/Content/EngineSky/T_Sky_Blue.uasset" 607
"../../../Engine/Content/EngineSky/T_Sky_Blue.uexp" 608
"../../../Engine/Content/EngineSky/M_Sky_Panning_Clouds2.uasset" 609
"../../../Engine/Content/EngineSky/M_Sky_Panning_Clouds2.uexp" 610
"../../../Engine/Content/EngineSky/SM_SkySphere.ubulk" 611
"../../../Engine/Content/EngineSky/SM_SkySphere.uasset" 612
"../../../Engine/Content/EngineSky/SM_SkySphere.uexp" 613
"../../../Engine/Content/MapTemplates/SM_Template_Map_Floor.ubulk" 614
"../../../Engine/Content/MapTemplates/SM_Template_Map_Floor.uasset" 615
"../../../Engine/Content/MapTemplates/SM_Template_Map_Floor.uexp" 616
"J:/UnrealProjects/Blaster/Content/Maps/Lobby_BuiltData.ubulk" 617
"J:/UnrealProjects/Blaster/Content/Maps/Lobby_BuiltData.uasset" 618
"J:/UnrealProjects/Blaster/Content/Maps/Lobby_BuiltData.uexp" 619
"../../../Engine/Content/EngineSky/M_SimpleSkyDome.uasset" 620
"../../../Engine/Content/EngineSky/M_SimpleSkyDome.uexp" 621
"../../../Engine/Content/Animation/DefaultAnimCurveCompressionSettings.uasset" 622
"../../../Engine/Content/Animation/DefaultAnimCurveCompressionSettings.uexp" 623
"../../../Engine/Content/EngineMeshes/Humanoid.uasset" 624
"../../../Engine/Content/EngineMeshes/Humanoid.uexp" 625
"J:/UnrealProjects/Blaster/Content/Assets/LearningKit_Games/Assets/Characters/Character/Mesh/SK_EpicCharacter_Skeleton.uasset" 626
"J:/UnrealProjects/Blaster/Content/Assets/LearningKit_Games/Assets/Characters/Character/Mesh/SK_EpicCharacter_Skeleton.uexp" 627
"../../../Engine/Content/Animation/DefaultAnimBoneCompressionSettings.uasset" 628
"../../../Engine/Content/Animation/DefaultAnimBoneCompressionSettings.uexp" 629
"J:/UnrealProjects/Blaster/Content/Assets/LearningKit_Games/Assets/Characters/Character/Animations/EpicCharacter_JumpUp_Start.uasset" 630
"J:/UnrealProjects/Blaster/Content/Assets/LearningKit_Games/Assets/Characters/Character/Animations/EpicCharacter_JumpUp_Start.uexp" 631
"J:/UnrealProjects/Blaster/Content/Assets/LearningKit_Games/Assets/Characters/Character/Animations/EpicCharacter_Walk.uasset" 632
"J:/UnrealProjects/Blaster/Content/Assets/LearningKit_Games/Assets/Characters/Character/Animations/EpicCharacter_Walk.uexp" 633
"J:/UnrealProjects/Blaster/Content/Assets/LearningKit_Games/Assets/Characters/Character/Animations/EpicCharacter_JumpUp_Loop.uasset" 634
"J:/UnrealProjects/Blaster/Content/Assets/LearningKit_Games/Assets/Characters/Character/Animations/EpicCharacter_JumpUp_Loop.uexp" 635
"J:/UnrealProjects/Blaster/Content/Assets/LearningKit_Games/Assets/Characters/Character/Animations/EpicCharacter_Idle.uasset" 636
"J:/UnrealProjects/Blaster/Content/Assets/LearningKit_Games/Assets/Characters/Character/Animations/EpicCharacter_Idle.uexp" 637
"J:/UnrealProjects/Blaster/Content/Assets/LearningKit_Games/Assets/Characters/Character/Animations/EpicCharacter_Run.uasset" 638
"J:/UnrealProjects/Blaster/Content/Assets/LearningKit_Games/Assets/Characters/Character/Animations/EpicCharacter_Run.uexp" 639
"J:/UnrealProjects/Blaster/Content/Assets/LearningKit_Games/Assets/Characters/Character/Animations/EpicCharacter_JumpUp_End.uasset" 640
"J:/UnrealProjects/Blaster/Content/Assets/LearningKit_Games/Assets/Characters/Character/Animations/EpicCharacter_JumpUp_End.uexp" 641
"J:/UnrealProjects/Blaster/Content/Blueprints/Chatacter/Animation/BlasterAnimBP.uasset" 642
"J:/UnrealProjects/Blaster/Content/Blueprints/Chatacter/Animation/BlasterAnimBP.uexp" 643
"J:/UnrealProjects/Blaster/Content/Assets/LearningKit_Games/Assets/Characters/Character/Texture/T_EpicCharacter_Skin_BC.ubulk" 644
"J:/UnrealProjects/Blaster/Content/Assets/LearningKit_Games/Assets/Characters/Character/Texture/T_EpicCharacter_Skin_BC.uasset" 645
"J:/UnrealProjects/Blaster/Content/Assets/LearningKit_Games/Assets/Characters/Character/Texture/T_EpicCharacter_Skin_BC.uexp" 646
"J:/UnrealProjects/Blaster/Content/Assets/LearningKit_Games/Assets/Characters/Character/Texture/T_EpicCharacter_Skin_RGB.ubulk" 647
"J:/UnrealProjects/Blaster/Content/Assets/LearningKit_Games/Assets/Characters/Character/Texture/T_EpicCharacter_Skin_RGB.uasset" 648
"J:/UnrealProjects/Blaster/Content/Assets/LearningKit_Games/Assets/Characters/Character/Texture/T_EpicCharacter_Skin_RGB.uexp" 649
"J:/UnrealProjects/Blaster/Content/Assets/LearningKit_Games/Assets/Characters/Character/Texture/T_EpicCharacter_Backpack_BC.ubulk" 650
"J:/UnrealProjects/Blaster/Content/Assets/LearningKit_Games/Assets/Characters/Character/Texture/T_EpicCharacter_Backpack_BC.uasset" 651
"J:/UnrealProjects/Blaster/Content/Assets/LearningKit_Games/Assets/Characters/Character/Texture/T_EpicCharacter_Backpack_BC.uexp" 652
"J:/UnrealProjects/Blaster/Content/Assets/LearningKit_Games/Assets/Characters/Character/Texture/T_EpicCharacter_Backpack_RGB.ubulk" 653
"J:/UnrealProjects/Blaster/Content/Assets/LearningKit_Games/Assets/Characters/Character/Texture/T_EpicCharacter_Backpack_RGB.uasset" 654
"J:/UnrealProjects/Blaster/Content/Assets/LearningKit_Games/Assets/Characters/Character/Texture/T_EpicCharacter_Backpack_RGB.uexp" 655
"J:/UnrealProjects/Blaster/Content/Assets/LearningKit_Games/Assets/_Shared/Textures/T_Default_E.ubulk" 656
"J:/UnrealProjects/Blaster/Content/Assets/LearningKit_Games/Assets/_Shared/Textures/T_Default_E.uasset" 657
"J:/UnrealProjects/Blaster/Content/Assets/LearningKit_Games/Assets/_Shared/Textures/T_Default_E.uexp" 658
"../../../Engine/Content/Functions/Engine_MaterialFunctions02/ExampleContent/Textures/LowResBlurredNoise.uasset" 659
"../../../Engine/Content/Functions/Engine_MaterialFunctions02/ExampleContent/Textures/LowResBlurredNoise.uexp" 660
"J:/UnrealProjects/Blaster/Content/Assets/LearningKit_Games/Assets/_Shared/Textures/T_Default_BC.ubulk" 661
"J:/UnrealProjects/Blaster/Content/Assets/LearningKit_Games/Assets/_Shared/Textures/T_Default_BC.uasset" 662
"J:/UnrealProjects/Blaster/Content/Assets/LearningKit_Games/Assets/_Shared/Textures/T_Default_BC.uexp" 663
"J:/UnrealProjects/Blaster/Content/Assets/LearningKit_Games/Assets/_Shared/Textures/T_Default_ARM.ubulk" 664
"J:/UnrealProjects/Blaster/Content/Assets/LearningKit_Games/Assets/_Shared/Textures/T_Default_ARM.uasset" 665
"J:/UnrealProjects/Blaster/Content/Assets/LearningKit_Games/Assets/_Shared/Textures/T_Default_ARM.uexp" 666
"J:/UnrealProjects/Blaster/Content/Assets/LearningKit_Games/Assets/_Shared/Textures/T_Default_O.ubulk" 667
"J:/UnrealProjects/Blaster/Content/Assets/LearningKit_Games/Assets/_Shared/Textures/T_Default_O.uasset" 668
"J:/UnrealProjects/Blaster/Content/Assets/LearningKit_Games/Assets/_Shared/Textures/T_Default_O.uexp" 669
"J:/UnrealProjects/Blaster/Content/Assets/LearningKit_Games/Assets/_Shared/Textures/T_Default_RGB.ubulk" 670
"J:/UnrealProjects/Blaster/Content/Assets/LearningKit_Games/Assets/_Shared/Textures/T_Default_RGB.uasset" 671
"J:/UnrealProjects/Blaster/Content/Assets/LearningKit_Games/Assets/_Shared/Textures/T_Default_RGB.uexp" 672
"../../../Engine/Content/Functions/Engine_MaterialFunctions01/Texturing/WorldAlignedTexture.uasset" 673
"../../../Engine/Content/Functions/Engine_MaterialFunctions01/Texturing/WorldAlignedTexture.uexp" 674
"../../../Engine/Content/MaterialTemplates/LayerBlends/T_DefaultMaskTexture.uasset" 675
"../../../Engine/Content/MaterialTemplates/LayerBlends/T_DefaultMaskTexture.uexp" 676
"J:/UnrealProjects/Blaster/Content/Assets/LearningKit_Games/Assets/_Shared/Textures/T_Default_N.ubulk" 677
"J:/UnrealProjects/Blaster/Content/Assets/LearningKit_Games/Assets/_Shared/Textures/T_Default_N.uasset" 678
"J:/UnrealProjects/Blaster/Content/Assets/LearningKit_Games/Assets/_Shared/Textures/T_Default_N.uexp" 679
"J:/UnrealProjects/Blaster/Content/Assets/LearningKit_Games/Assets/_Shared/Functions/MF_MasterMaterialFunction.uasset" 680
"J:/UnrealProjects/Blaster/Content/Assets/LearningKit_Games/Assets/_Shared/Functions/MF_MasterMaterialFunction.uexp" 681
"J:/UnrealProjects/Blaster/Content/Assets/LearningKit_Games/Assets/_Shared/Materials/M_LearningKit_MasterMaterial.uasset" 682
"J:/UnrealProjects/Blaster/Content/Assets/LearningKit_Games/Assets/_Shared/Materials/M_LearningKit_MasterMaterial.uexp" 683
"J:/UnrealProjects/Blaster/Content/Assets/LearningKit_Games/Assets/_Shared/Materials/MI_Opaque_BaseInstance.uasset" 684
"J:/UnrealProjects/Blaster/Content/Assets/LearningKit_Games/Assets/_Shared/Materials/MI_Opaque_BaseInstance.uexp" 685
"J:/UnrealProjects/Blaster/Content/Assets/LearningKit_Games/Assets/Characters/Character/Texture/T_EpicCharacter_Backpack_ARM.ubulk" 686
"J:/UnrealProjects/Blaster/Content/Assets/LearningKit_Games/Assets/Characters/Character/Texture/T_EpicCharacter_Backpack_ARM.uasset" 687
"J:/UnrealProjects/Blaster/Content/Assets/LearningKit_Games/Assets/Characters/Character/Texture/T_EpicCharacter_Backpack_ARM.uexp" 688
"J:/UnrealProjects/Blaster/Content/Assets/LearningKit_Games/Assets/Characters/Character/Material/MI_epicCharacter_Backpack.uasset" 689
"J:/UnrealProjects/Blaster/Content/Assets/LearningKit_Games/Assets/Characters/Character/Material/MI_epicCharacter_Backpack.uexp" 690
"J:/UnrealProjects/Blaster/Content/Assets/LearningKit_Games/Assets/Characters/Character/Texture/T_EpicCharacter_Skin_ARM.ubulk" 691
"J:/UnrealProjects/Blaster/Content/Assets/LearningKit_Games/Assets/Characters/Character/Texture/T_EpicCharacter_Skin_ARM.uasset" 692
"J:/UnrealProjects/Blaster/Content/Assets/LearningKit_Games/Assets/Characters/Character/Texture/T_EpicCharacter_Skin_ARM.uexp" 693
"J:/UnrealProjects/Blaster/Content/Assets/LearningKit_Games/Assets/Characters/Character/Material/MI_epicCharacter_Skin.uasset" 694
"J:/UnrealProjects/Blaster/Content/Assets/LearningKit_Games/Assets/Characters/Character/Material/MI_epicCharacter_Skin.uexp" 695
"J:/UnrealProjects/Blaster/Content/Assets/LearningKit_Games/Assets/Characters/Character/Texture/T_EpicCharacter_Tunic_E.ubulk" 696
"J:/UnrealProjects/Blaster/Content/Assets/LearningKit_Games/Assets/Characters/Character/Texture/T_EpicCharacter_Tunic_E.uasset" 697
"J:/UnrealProjects/Blaster/Content/Assets/LearningKit_Games/Assets/Characters/Character/Texture/T_EpicCharacter_Tunic_E.uexp" 698
"J:/UnrealProjects/Blaster/Content/Assets/LearningKit_Games/Assets/Characters/Character/Texture/T_EpicCharacter_Tunic_ARM.ubulk" 699
"J:/UnrealProjects/Blaster/Content/Assets/LearningKit_Games/Assets/Characters/Character/Texture/T_EpicCharacter_Tunic_ARM.uasset" 700
"J:/UnrealProjects/Blaster/Content/Assets/LearningKit_Games/Assets/Characters/Character/Texture/T_EpicCharacter_Tunic_ARM.uexp" 701
"J:/UnrealProjects/Blaster/Content/Assets/LearningKit_Games/Assets/Characters/Character/Texture/T_EpicCharacter_Tunic_RGB.ubulk" 702
"J:/UnrealProjects/Blaster/Content/Assets/LearningKit_Games/Assets/Characters/Character/Texture/T_EpicCharacter_Tunic_RGB.uasset" 703
"J:/UnrealProjects/Blaster/Content/Assets/LearningKit_Games/Assets/Characters/Character/Texture/T_EpicCharacter_Tunic_RGB.uexp" 704
"J:/UnrealProjects/Blaster/Content/Assets/LearningKit_Games/Assets/Characters/Character/Texture/T_EpicCharacter_Tunic_BC.ubulk" 705
"J:/UnrealProjects/Blaster/Content/Assets/LearningKit_Games/Assets/Characters/Character/Texture/T_EpicCharacter_Tunic_BC.uasset" 706
"J:/UnrealProjects/Blaster/Content/Assets/LearningKit_Games/Assets/Characters/Character/Texture/T_EpicCharacter_Tunic_BC.uexp" 707
"J:/UnrealProjects/Blaster/Content/Assets/LearningKit_Games/Assets/Characters/Character/Material/MI_epicCharacter_Tunic.uasset" 708
"J:/UnrealProjects/Blaster/Content/Assets/LearningKit_Games/Assets/Characters/Character/Material/MI_epicCharacter_Tunic.uexp" 709
"J:/UnrealProjects/Blaster/Content/Assets/LearningKit_Games/Assets/Characters/Character/Mesh/SK_EpicCharacter_Physics.uasset" 710
"J:/UnrealProjects/Blaster/Content/Assets/LearningKit_Games/Assets/Characters/Character/Mesh/SK_EpicCharacter_Physics.uexp" 711
"J:/UnrealProjects/Blaster/Content/Assets/LearningKit_Games/Assets/Characters/Character/Texture/T_EpicCharacter_SleevesShorts_BC.ubulk" 712
"J:/UnrealProjects/Blaster/Content/Assets/LearningKit_Games/Assets/Characters/Character/Texture/T_EpicCharacter_SleevesShorts_BC.uasset" 713
"J:/UnrealProjects/Blaster/Content/Assets/LearningKit_Games/Assets/Characters/Character/Texture/T_EpicCharacter_SleevesShorts_BC.uexp" 714
"J:/UnrealProjects/Blaster/Content/Assets/LearningKit_Games/Assets/Characters/Character/Texture/T_EpicCharacter_SleevesShorts_ARM.ubulk" 715
"J:/UnrealProjects/Blaster/Content/Assets/LearningKit_Games/Assets/Characters/Character/Texture/T_EpicCharacter_SleevesShorts_ARM.uasset" 716
"J:/UnrealProjects/Blaster/Content/Assets/LearningKit_Games/Assets/Characters/Character/Texture/T_EpicCharacter_SleevesShorts_ARM.uexp" 717
"J:/UnrealProjects/Blaster/Content/Assets/LearningKit_Games/Assets/Characters/Character/Texture/T_EpicCharacter_SleevesShorts_RGB.ubulk" 718
"J:/UnrealProjects/Blaster/Content/Assets/LearningKit_Games/Assets/Characters/Character/Texture/T_EpicCharacter_SleevesShorts_RGB.uasset" 719
"J:/UnrealProjects/Blaster/Content/Assets/LearningKit_Games/Assets/Characters/Character/Texture/T_EpicCharacter_SleevesShorts_RGB.uexp" 720
"J:/UnrealProjects/Blaster/Content/Assets/LearningKit_Games/Assets/Characters/Character/Material/MI_epicCharacter_SleevesShorts.uasset" 721
"J:/UnrealProjects/Blaster/Content/Assets/LearningKit_Games/Assets/Characters/Character/Material/MI_epicCharacter_SleevesShorts.uexp" 722
"J:/UnrealProjects/Blaster/Content/Assets/LearningKit_Games/Assets/Characters/Character/Texture/T_EpicCharacter_Hood_RGB.ubulk" 723
"J:/UnrealProjects/Blaster/Content/Assets/LearningKit_Games/Assets/Characters/Character/Texture/T_EpicCharacter_Hood_RGB.uasset" 724
"J:/UnrealProjects/Blaster/Content/Assets/LearningKit_Games/Assets/Characters/Character/Texture/T_EpicCharacter_Hood_RGB.uexp" 725
"J:/UnrealProjects/Blaster/Content/Assets/LearningKit_Games/Assets/Characters/Character/Texture/T_EpicCharacter_Hood_ARM.ubulk" 726
"J:/UnrealProjects/Blaster/Content/Assets/LearningKit_Games/Assets/Characters/Character/Texture/T_EpicCharacter_Hood_ARM.uasset" 727
"J:/UnrealProjects/Blaster/Content/Assets/LearningKit_Games/Assets/Characters/Character/Texture/T_EpicCharacter_Hood_ARM.uexp" 728
"J:/UnrealProjects/Blaster/Content/Assets/LearningKit_Games/Assets/Characters/Character/Texture/T_EpicCharacter_Hood_BC.ubulk" 729
"J:/UnrealProjects/Blaster/Content/Assets/LearningKit_Games/Assets/Characters/Character/Texture/T_EpicCharacter_Hood_BC.uasset" 730
"J:/UnrealProjects/Blaster/Content/Assets/LearningKit_Games/Assets/Characters/Character/Texture/T_EpicCharacter_Hood_BC.uexp" 731
"J:/UnrealProjects/Blaster/Content/Assets/LearningKit_Games/Assets/Characters/Character/Material/MI_epicCharacter_Hood.uasset" 732
"J:/UnrealProjects/Blaster/Content/Assets/LearningKit_Games/Assets/Characters/Character/Material/MI_epicCharacter_Hood.uexp" 733
"J:/UnrealProjects/Blaster/Content/Assets/LearningKit_Games/Assets/Characters/Character/Texture/T_EpicCharacter_Bedroll_ARM.ubulk" 734
"J:/UnrealProjects/Blaster/Content/Assets/LearningKit_Games/Assets/Characters/Character/Texture/T_EpicCharacter_Bedroll_ARM.uasset" 735
"J:/UnrealProjects/Blaster/Content/Assets/LearningKit_Games/Assets/Characters/Character/Texture/T_EpicCharacter_Bedroll_ARM.uexp" 736
"J:/UnrealProjects/Blaster/Content/Assets/LearningKit_Games/Assets/Characters/Character/Texture/T_EpicCharacter_Bedroll_BC.ubulk" 737
"J:/UnrealProjects/Blaster/Content/Assets/LearningKit_Games/Assets/Characters/Character/Texture/T_EpicCharacter_Bedroll_BC.uasset" 738
"J:/UnrealProjects/Blaster/Content/Assets/LearningKit_Games/Assets/Characters/Character/Texture/T_EpicCharacter_Bedroll_BC.uexp" 739
"J:/UnrealProjects/Blaster/Content/Assets/LearningKit_Games/Assets/Characters/Character/Texture/T_EpicCharacter_Bedroll_RGB.ubulk" 740
"J:/UnrealProjects/Blaster/Content/Assets/LearningKit_Games/Assets/Characters/Character/Texture/T_EpicCharacter_Bedroll_RGB.uasset" 741
"J:/UnrealProjects/Blaster/Content/Assets/LearningKit_Games/Assets/Characters/Character/Texture/T_EpicCharacter_Bedroll_RGB.uexp" 742
"J:/UnrealProjects/Blaster/Content/Assets/LearningKit_Games/Assets/Characters/Character/Material/MI_epicCharacter_BedRoll.uasset" 743
"J:/UnrealProjects/Blaster/Content/Assets/LearningKit_Games/Assets/Characters/Character/Material/MI_epicCharacter_BedRoll.uexp" 744
"J:/UnrealProjects/Blaster/Content/Assets/LearningKit_Games/Assets/Characters/Character/Texture/T_EpicCharacter_Boots_RGB.ubulk" 745
"J:/UnrealProjects/Blaster/Content/Assets/LearningKit_Games/Assets/Characters/Character/Texture/T_EpicCharacter_Boots_RGB.uasset" 746
"J:/UnrealProjects/Blaster/Content/Assets/LearningKit_Games/Assets/Characters/Character/Texture/T_EpicCharacter_Boots_RGB.uexp" 747
"J:/UnrealProjects/Blaster/Content/Assets/LearningKit_Games/Assets/Characters/Character/Texture/T_EpicCharacter_Boots_ARM.ubulk" 748
"J:/UnrealProjects/Blaster/Content/Assets/LearningKit_Games/Assets/Characters/Character/Texture/T_EpicCharacter_Boots_ARM.uasset" 749
"J:/UnrealProjects/Blaster/Content/Assets/LearningKit_Games/Assets/Characters/Character/Texture/T_EpicCharacter_Boots_ARM.uexp" 750
"J:/UnrealProjects/Blaster/Content/Assets/LearningKit_Games/Assets/Characters/Character/Texture/T_EpicCharacter_Boots_BC.ubulk" 751
"J:/UnrealProjects/Blaster/Content/Assets/LearningKit_Games/Assets/Characters/Character/Texture/T_EpicCharacter_Boots_BC.uasset" 752
"J:/UnrealProjects/Blaster/Content/Assets/LearningKit_Games/Assets/Characters/Character/Texture/T_EpicCharacter_Boots_BC.uexp" 753
"J:/UnrealProjects/Blaster/Content/Assets/LearningKit_Games/Assets/Characters/Character/Material/MI_epicCharacter_Boots.uasset" 754
"J:/UnrealProjects/Blaster/Content/Assets/LearningKit_Games/Assets/Characters/Character/Material/MI_epicCharacter_Boots.uexp" 755
"J:/UnrealProjects/Blaster/Content/Assets/LearningKit_Games/Assets/Characters/Character/Texture/T_EpicCharacter_Head_RGB.ubulk" 756
"J:/UnrealProjects/Blaster/Content/Assets/LearningKit_Games/Assets/Characters/Character/Texture/T_EpicCharacter_Head_RGB.uasset" 757
"J:/UnrealProjects/Blaster/Content/Assets/LearningKit_Games/Assets/Characters/Character/Texture/T_EpicCharacter_Head_RGB.uexp" 758
"J:/UnrealProjects/Blaster/Content/Assets/LearningKit_Games/Assets/Characters/Character/Texture/T_EpicCharacter_Head_ARM.ubulk" 759
"J:/UnrealProjects/Blaster/Content/Assets/LearningKit_Games/Assets/Characters/Character/Texture/T_EpicCharacter_Head_ARM.uasset" 760
"J:/UnrealProjects/Blaster/Content/Assets/LearningKit_Games/Assets/Characters/Character/Texture/T_EpicCharacter_Head_ARM.uexp" 761
"J:/UnrealProjects/Blaster/Content/Assets/LearningKit_Games/Assets/Characters/Character/Texture/T_EpicCharacter_Head_BC.ubulk" 762
"J:/UnrealProjects/Blaster/Content/Assets/LearningKit_Games/Assets/Characters/Character/Texture/T_EpicCharacter_Head_BC.uasset" 763
"J:/UnrealProjects/Blaster/Content/Assets/LearningKit_Games/Assets/Characters/Character/Texture/T_EpicCharacter_Head_BC.uexp" 764
"J:/UnrealProjects/Blaster/Content/Assets/LearningKit_Games/Assets/Characters/Character/Texture/T_EpicCharacter_Head_E.ubulk" 765
"J:/UnrealProjects/Blaster/Content/Assets/LearningKit_Games/Assets/Characters/Character/Texture/T_EpicCharacter_Head_E.uasset" 766
"J:/UnrealProjects/Blaster/Content/Assets/LearningKit_Games/Assets/Characters/Character/Texture/T_EpicCharacter_Head_E.uexp" 767
"J:/UnrealProjects/Blaster/Content/Assets/LearningKit_Games/Assets/Characters/Character/Material/MI_epicCharacter_Head.uasset" 768
"J:/UnrealProjects/Blaster/Content/Assets/LearningKit_Games/Assets/Characters/Character/Material/MI_epicCharacter_Head.uexp" 769
"J:/UnrealProjects/Blaster/Content/Assets/LearningKit_Games/Assets/Characters/Character/Mesh/SK_EpicCharacter.uasset" 770
"J:/UnrealProjects/Blaster/Content/Assets/LearningKit_Games/Assets/Characters/Character/Mesh/SK_EpicCharacter.uexp" 771
"J:/UnrealProjects/Blaster/Content/Blueprints/Chatacter/BP_BlasterCharacter.uasset" 772
"J:/UnrealProjects/Blaster/Content/Blueprints/Chatacter/BP_BlasterCharacter.uexp" 773
"J:/UnrealProjects/Blaster/Content/Blueprints/GameModes/BP_LobbyGameMode.uasset" 774
"J:/UnrealProjects/Blaster/Content/Blueprints/GameModes/BP_LobbyGameMode.uexp" 775
"J:/UnrealProjects/Blaster/Content/Maps/Lobby.uexp" 776
"J:/UnrealProjects/Blaster/Content/Maps/Lobby.umap" 777
"../../../Engine/Content/EngineSky/C_Sky_Horizon_Color.uasset" 778
"../../../Engine/Content/EngineSky/C_Sky_Horizon_Color.uexp" 779
"../../../Engine/Content/EngineSky/C_Sky_Cloud_Color.uasset" 780
"../../../Engine/Content/EngineSky/C_Sky_Cloud_Color.uexp" 781
"../../../Engine/Content/EngineSky/C_Sky_Zenith_Color.uasset" 782
"../../../Engine/Content/EngineSky/C_Sky_Zenith_Color.uexp" 783
"../../../Engine/Content/EditorBlueprintResources/StandardMacros.uasset" 784
"../../../Engine/Content/EditorBlueprintResources/StandardMacros.uexp" 785
"../../../Engine/Content/EngineSky/BP_Sky_Sphere.uasset" 786
"../../../Engine/Content/EngineSky/BP_Sky_Sphere.uexp" 787
"J:/UnrealProjects/Blaster/Plugins/MultiplayerSessions/Content/WBP_Menu.uasset" 788
"J:/UnrealProjects/Blaster/Plugins/MultiplayerSessions/Content/WBP_Menu.uexp" 789
"../../../Engine/Content/EngineMaterials/DefaultPhysicalMaterial.uasset" 790
"../../../Engine/Content/EngineMaterials/DefaultPhysicalMaterial.uexp" 791
"J:/UnrealProjects/Blaster/Content/Maps/GameStartupMap.uexp" 792
"J:/UnrealProjects/Blaster/Content/Maps/GameStartupMap.umap" 793
